<?xml version="1.0" encoding="UTF-8"?>
<!-- Generated by org.testng.reporters.JUnitXMLReporter -->
<testsuite ignored="0" hostname="DESKTOP-DDMG9N7" failures="0" tests="3" name="Default test" time="61.272" errors="0" timestamp="2025-04-16T14:56:10 IST">
  <testcase classname="Organization.CreateOrgScenariosTest" name="CreateOrgWithIndTypeTest" time="17.559"/>
  <testcase classname="Organization.CreateOrgScenariosTest" name="CreateOrgWithPNTest" time="13.183"/>
  <testcase classname="Organization.CreateOrgScenariosTest" name="createOrgTest" time="12.01"/>
</testsuite> <!-- Default test -->
