<?xml version="1.0" encoding="UTF-8"?>
<!-- Generated by org.testng.reporters.JUnitXMLReporter -->
<testsuite ignored="0" hostname="DESKTOP-DDMG9N7" failures="0" tests="6" name="Test_Edge" time="203.2" errors="0" timestamp="2025-04-07T14:29:18 IST">
  <testcase classname="Organization.CreateOrgWithPhoneNumberTest" name="CreateOrgWithPNTest" time="42.562"/>
  <testcase classname="Contact.CreateContactWithSupportDateTest" name="CreateContactWthSuppoDateTest" time="27.286"/>
  <testcase classname="Contact.CreateContactWithOrgTest" name="createContactOrgNameTest" time="45.161"/>
  <testcase classname="Organization.CreateOrgWithIndustryAndTypeTest" name="CreateOrgWithIndTypeTest" time="35.284"/>
  <testcase classname="Contact.CreateContactTest" name="CreateContactNameTest" time="26.78"/>
  <testcase classname="Organization.CreateOrganizationTest" name="createOrgTest" time="26.043"/>
</testsuite> <!-- Test_Edge -->
