<?xml version="1.0" encoding="UTF-8"?>
<!-- Generated by org.testng.reporters.JUnitXMLReporter -->
<testsuite ignored="4" hostname="DESKTOP-DDMG9N7" failures="0" tests="6" name="Test" time="130.471" errors="0" timestamp="2025-04-10T15:30:54 IST">
  <testcase classname="Organization.CreateOrgScenariosTest" name="CreateOrgWithIndTypeTest" time="15.113"/>
  <testcase classname="Organization.CreateOrgScenariosTest" name="CreateOrgWithPNTest" time="12.474"/>
  <testcase classname="Organization.CreateOrgScenariosTest" name="createOrgTest" time="11.852"/>
  <testcase classname="Contact.CreateContactScenariosTest" name="CreateContactNameTest" time="14.15"/>
  <testcase classname="Contact.CreateContactScenariosTest" name="CreateContactWthSuppoDateTest" time="14.052"/>
  <testcase classname="Contact.CreateContactScenariosTest" name="createContactOrgNameTest" time="29.29"/>
  <testcase classname="BaseclassUtility.Baseclass" name="@AfterSuite afterSuite" time="0.0">
    <ignored/>
  </testcase> <!-- @AfterSuite afterSuite -->
  <testcase classname="BaseclassUtility.Baseclass" name="@BeforeTest beforeTest" time="0.0">
    <ignored/>
  </testcase> <!-- @BeforeTest beforeTest -->
  <testcase classname="BaseclassUtility.Baseclass" name="@BeforeSuite beforeSuite" time="0.0">
    <ignored/>
  </testcase> <!-- @BeforeSuite beforeSuite -->
  <testcase classname="BaseclassUtility.Baseclass" name="@AfterTest afterTest" time="0.0">
    <ignored/>
  </testcase> <!-- @AfterTest afterTest -->
</testsuite> <!-- Test -->
