<?xml version="1.0" encoding="UTF-8"?>
<!-- Generated by org.testng.reporters.JUnitXMLReporter -->
<testsuite ignored="0" hostname="DESKTOP-DDMG9N7" failures="0" tests="6" name="Test_Chrome" time="194.613" errors="0" timestamp="2025-04-07T14:29:09 IST">
  <testcase classname="Organization.CreateOrgWithPhoneNumberTest" name="CreateOrgWithPNTest" time="37.774"/>
  <testcase classname="Contact.CreateContactWithSupportDateTest" name="CreateContactWthSuppoDateTest" time="25.949"/>
  <testcase classname="Contact.CreateContactWithOrgTest" name="createContactOrgNameTest" time="44.329"/>
  <testcase classname="Organization.CreateOrgWithIndustryAndTypeTest" name="CreateOrgWithIndTypeTest" time="34.901"/>
  <testcase classname="Contact.CreateContactTest" name="CreateContactNameTest" time="25.338"/>
  <testcase classname="Organization.CreateOrganizationTest" name="createOrgTest" time="26.26"/>
</testsuite> <!-- Test_Chrome -->
