<?xml version="1.0" encoding="UTF-8"?>
<!-- Generated by org.testng.reporters.JUnitXMLReporter -->
<testsuite ignored="0" hostname="DESKTOP-DDMG9N7" failures="0" tests="2" name="Test2" time="83.89" errors="0" timestamp="2025-04-05T16:41:24 IST">
  <testcase classname="Contact.CreateContactWithSupportDateTest" name="CreateContactWthSuppoDateTest" time="44.176"/>
  <testcase classname="Organization.CreateOrgWithIndustryAndTypeTest" name="CreateOrgWithIndTypeTest" time="39.647"/>
</testsuite> <!-- Test2 -->
