<?xml version="1.0" encoding="UTF-8"?>
<testng-results ignored="0" total="3" passed="3" failed="0" skipped="0">
  <reporter-output>
    <line>
      <![CDATA[Report confguration]]>
    </line>
    <line>
      <![CDATA[Configure the DB:Connect]]>
    </line>
    <line>
      <![CDATA[BT:Parallel Exe]]>
    </line>
    <line>
      <![CDATA[Launch the Browser]]>
    </line>
    <line>
      <![CDATA[Login to the appln]]>
    </line>
    <line>
      <![CDATA[CreateOrgWithIndTypeTest--Started--]]>
    </line>
    <line>
      <![CDATA[CreateOrgWithIndTypeTest--Success--]]>
    </line>
    <line>
      <![CDATA[Logout of the appln]]>
    </line>
    <line>
      <![CDATA[Login to the appln]]>
    </line>
    <line>
      <![CDATA[CreateOrgWithPNTest--Started--]]>
    </line>
    <line>
      <![CDATA[CreateOrgWithPNTest--Success--]]>
    </line>
    <line>
      <![CDATA[Logout of the appln]]>
    </line>
    <line>
      <![CDATA[Login to the appln]]>
    </line>
    <line>
      <![CDATA[createOrgTest--Started--]]>
    </line>
    <line>
      <![CDATA[createOrgTest--Success--]]>
    </line>
    <line>
      <![CDATA[Logout of the appln]]>
    </line>
    <line>
      <![CDATA[Close the browser]]>
    </line>
    <line>
      <![CDATA[AT:Parallel Distributed Exe]]>
    </line>
    <line>
      <![CDATA[Close DB connection]]>
    </line>
  </reporter-output>
  <suite started-at="2025-04-16T14:55:09 IST" name="Default suite" finished-at="2025-04-16T14:56:10 IST" duration-ms="61272">
    <groups>
      <group name="regression">
        <method signature="CreateOrgScenariosTest.CreateOrgWithIndTypeTest()[pri:0, instance:Organization.CreateOrgScenariosTest@10e31a9a]" name="CreateOrgWithIndTypeTest" class="Organization.CreateOrgScenariosTest"/>
        <method signature="CreateOrgScenariosTest.CreateOrgWithPNTest()[pri:0, instance:Organization.CreateOrgScenariosTest@10e31a9a]" name="CreateOrgWithPNTest" class="Organization.CreateOrgScenariosTest"/>
      </group> <!-- regression -->
      <group name="smoke">
        <method signature="CreateOrgScenariosTest.createOrgTest()[pri:0, instance:Organization.CreateOrgScenariosTest@10e31a9a]" name="createOrgTest" class="Organization.CreateOrgScenariosTest"/>
      </group> <!-- smoke -->
    </groups>
    <test started-at="2025-04-16T14:55:09 IST" name="Default test" finished-at="2025-04-16T14:56:10 IST" duration-ms="61272">
      <class name="Organization.CreateOrgScenariosTest">
        <test-method is-config="true" signature="beforeSuite()[pri:0, instance:Organization.CreateOrgScenariosTest@10e31a9a]" started-at="2025-04-16T14:55:08 IST" name="beforeSuite" finished-at="2025-04-16T14:55:09 IST" duration-ms="724" status="PASS">
          <reporter-output>
            <line>
              <![CDATA[Configure the DB:Connect]]>
            </line>
          </reporter-output>
        </test-method> <!-- beforeSuite -->
        <test-method is-config="true" signature="beforeTest()[pri:0, instance:Organization.CreateOrgScenariosTest@10e31a9a]" started-at="2025-04-16T14:55:09 IST" name="beforeTest" finished-at="2025-04-16T14:55:09 IST" duration-ms="1" status="PASS">
          <reporter-output>
            <line>
              <![CDATA[BT:Parallel Exe]]>
            </line>
          </reporter-output>
        </test-method> <!-- beforeTest -->
        <test-method is-config="true" signature="beforeClass()[pri:0, instance:Organization.CreateOrgScenariosTest@10e31a9a]" started-at="2025-04-16T14:55:09 IST" name="beforeClass" finished-at="2025-04-16T14:55:11 IST" duration-ms="2044" status="PASS">
          <reporter-output>
            <line>
              <![CDATA[Launch the Browser]]>
            </line>
          </reporter-output>
        </test-method> <!-- beforeClass -->
        <test-method is-config="true" signature="beforeMethod()[pri:0, instance:Organization.CreateOrgScenariosTest@10e31a9a]" started-at="2025-04-16T14:55:11 IST" name="beforeMethod" finished-at="2025-04-16T14:55:13 IST" duration-ms="1297" status="PASS">
          <reporter-output>
            <line>
              <![CDATA[Login to the appln]]>
            </line>
          </reporter-output>
        </test-method> <!-- beforeMethod -->
        <test-method signature="CreateOrgWithIndTypeTest()[pri:0, instance:Organization.CreateOrgScenariosTest@10e31a9a]" started-at="2025-04-16T14:55:13 IST" name="CreateOrgWithIndTypeTest" finished-at="2025-04-16T14:55:30 IST" duration-ms="17559" status="PASS">
          <reporter-output>
            <line>
              <![CDATA[CreateOrgWithIndTypeTest--Started--]]>
            </line>
            <line>
              <![CDATA[CreateOrgWithIndTypeTest--Success--]]>
            </line>
          </reporter-output>
        </test-method> <!-- CreateOrgWithIndTypeTest -->
        <test-method is-config="true" signature="afterMethod()[pri:0, instance:Organization.CreateOrgScenariosTest@10e31a9a]" started-at="2025-04-16T14:55:30 IST" name="afterMethod" finished-at="2025-04-16T14:55:33 IST" duration-ms="3091" status="PASS">
          <reporter-output>
            <line>
              <![CDATA[Logout of the appln]]>
            </line>
          </reporter-output>
        </test-method> <!-- afterMethod -->
        <test-method is-config="true" signature="beforeMethod()[pri:0, instance:Organization.CreateOrgScenariosTest@10e31a9a]" started-at="2025-04-16T14:55:33 IST" name="beforeMethod" finished-at="2025-04-16T14:55:36 IST" duration-ms="2377" status="PASS">
          <reporter-output>
            <line>
              <![CDATA[Login to the appln]]>
            </line>
          </reporter-output>
        </test-method> <!-- beforeMethod -->
        <test-method signature="CreateOrgWithPNTest()[pri:0, instance:Organization.CreateOrgScenariosTest@10e31a9a]" started-at="2025-04-16T14:55:36 IST" name="CreateOrgWithPNTest" finished-at="2025-04-16T14:55:49 IST" duration-ms="13183" status="PASS">
          <reporter-output>
            <line>
              <![CDATA[CreateOrgWithPNTest--Started--]]>
            </line>
            <line>
              <![CDATA[CreateOrgWithPNTest--Success--]]>
            </line>
          </reporter-output>
        </test-method> <!-- CreateOrgWithPNTest -->
        <test-method is-config="true" signature="afterMethod()[pri:0, instance:Organization.CreateOrgScenariosTest@10e31a9a]" started-at="2025-04-16T14:55:49 IST" name="afterMethod" finished-at="2025-04-16T14:55:52 IST" duration-ms="3305" status="PASS">
          <reporter-output>
            <line>
              <![CDATA[Logout of the appln]]>
            </line>
          </reporter-output>
        </test-method> <!-- afterMethod -->
        <test-method is-config="true" signature="beforeMethod()[pri:0, instance:Organization.CreateOrgScenariosTest@10e31a9a]" started-at="2025-04-16T14:55:52 IST" name="beforeMethod" finished-at="2025-04-16T14:55:55 IST" duration-ms="2416" status="PASS">
          <reporter-output>
            <line>
              <![CDATA[Login to the appln]]>
            </line>
          </reporter-output>
        </test-method> <!-- beforeMethod -->
        <test-method signature="createOrgTest()[pri:0, instance:Organization.CreateOrgScenariosTest@10e31a9a]" started-at="2025-04-16T14:55:55 IST" name="createOrgTest" finished-at="2025-04-16T14:56:07 IST" duration-ms="12010" status="PASS">
          <reporter-output>
            <line>
              <![CDATA[createOrgTest--Started--]]>
            </line>
            <line>
              <![CDATA[createOrgTest--Success--]]>
            </line>
          </reporter-output>
        </test-method> <!-- createOrgTest -->
        <test-method is-config="true" signature="afterMethod()[pri:0, instance:Organization.CreateOrgScenariosTest@10e31a9a]" started-at="2025-04-16T14:56:07 IST" name="afterMethod" finished-at="2025-04-16T14:56:10 IST" duration-ms="3609" status="PASS">
          <reporter-output>
            <line>
              <![CDATA[Logout of the appln]]>
            </line>
          </reporter-output>
        </test-method> <!-- afterMethod -->
        <test-method is-config="true" signature="afterClass()[pri:0, instance:Organization.CreateOrgScenariosTest@10e31a9a]" started-at="2025-04-16T14:56:10 IST" name="afterClass" finished-at="2025-04-16T14:56:10 IST" duration-ms="269" status="PASS">
          <reporter-output>
            <line>
              <![CDATA[Close the browser]]>
            </line>
          </reporter-output>
        </test-method> <!-- afterClass -->
        <test-method is-config="true" signature="afterTest()[pri:0, instance:Organization.CreateOrgScenariosTest@10e31a9a]" started-at="2025-04-16T14:56:10 IST" name="afterTest" finished-at="2025-04-16T14:56:10 IST" duration-ms="1" status="PASS">
          <reporter-output>
            <line>
              <![CDATA[AT:Parallel Distributed Exe]]>
            </line>
          </reporter-output>
        </test-method> <!-- afterTest -->
        <test-method is-config="true" signature="afterSuite()[pri:0, instance:Organization.CreateOrgScenariosTest@10e31a9a]" started-at="2025-04-16T14:56:10 IST" name="afterSuite" finished-at="2025-04-16T14:56:10 IST" duration-ms="3" status="PASS">
          <reporter-output>
            <line>
              <![CDATA[Close DB connection]]>
            </line>
          </reporter-output>
        </test-method> <!-- afterSuite -->
      </class> <!-- Organization.CreateOrgScenariosTest -->
    </test> <!-- Default test -->
  </suite> <!-- Default suite -->
</testng-results>
